0 info it worked if it ends with ok
1 verbose cli [ 'D:\\+Get a job, bitch\\node.js\\node.exe',
1 verbose cli   'D:\\+Get a job, bitch\\node.js\\node_modules\\npm\\bin\\npm-cli.js',
1 verbose cli   'install',
1 verbose cli   'malihu-custom-scrollbar-plugin',
1 verbose cli   '--save-dev' ]
2 info using npm@3.10.3
3 info using node@v6.3.1
4 silly loadCurrentTree Starting
5 silly install loadCurrentTree
6 silly install readLocalPackageData
7 silly rollbackFailedOptional Starting
8 silly rollbackFailedOptional Finishing
9 silly runTopLevelLifecycles Starting
10 silly runTopLevelLifecycles Finishing
11 silly install printInstalled
12 verbose stack Error: Failed to parse json
12 verbose stack Unexpected token 'd' at 23:5
12 verbose stack    "devDependencies": {
12 verbose stack     ^
12 verbose stack     at parseError (D:\+Get a job, bitch\node.js\node_modules\npm\node_modules\read-package-json\read-json.js:390:11)
12 verbose stack     at parseJson (D:\+Get a job, bitch\node.js\node_modules\npm\node_modules\read-package-json\read-json.js:79:23)
12 verbose stack     at D:\+Get a job, bitch\node.js\node_modules\npm\node_modules\read-package-json\read-json.js:48:5
12 verbose stack     at D:\+Get a job, bitch\node.js\node_modules\npm\node_modules\graceful-fs\graceful-fs.js:78:16
12 verbose stack     at tryToString (fs.js:455:3)
12 verbose stack     at FSReqWrap.readFileAfterClose [as oncomplete] (fs.js:442:12)
13 verbose cwd D:\Brainacad\Final Practice Files\Final Project
14 error Windows_NT 6.1.7601
15 error argv "D:\\+Get a job, bitch\\node.js\\node.exe" "D:\\+Get a job, bitch\\node.js\\node_modules\\npm\\bin\\npm-cli.js" "install" "malihu-custom-scrollbar-plugin" "--save-dev"
16 error node v6.3.1
17 error npm  v3.10.3
18 error file D:\Brainacad\Final Practice Files\Final Project\package.json
19 error code EJSONPARSE
20 error Failed to parse json
20 error Unexpected token 'd' at 23:5
20 error    "devDependencies": {
20 error     ^
21 error File: D:\Brainacad\Final Practice Files\Final Project\package.json
22 error Failed to parse package.json data.
22 error package.json must be actual JSON, not just JavaScript.
22 error
22 error This is not a bug in npm.
22 error Tell the package author to fix their package.json file. JSON.parse
23 verbose exit [ 1, true ]
